c:\users\user\onedrive\desktop\preperatiion for the test\finalprj\finalprj\x64\debug\vc143.pdb
c:\users\user\onedrive\desktop\preperatiion for the test\finalprj\finalprj\x64\debug\vc143.idb
c:\users\user\onedrive\desktop\preperatiion for the test\finalprj\finalprj\x64\debug\main.obj
c:\users\user\onedrive\desktop\preperatiion for the test\finalprj\finalprj\x64\debug\jsonparser.obj
c:\users\user\onedrive\desktop\preperatiion for the test\finalprj\finalprj\x64\debug\imgui_widgets.obj
c:\users\user\onedrive\desktop\preperatiion for the test\finalprj\finalprj\x64\debug\imgui_tables.obj
c:\users\user\onedrive\desktop\preperatiion for the test\finalprj\finalprj\x64\debug\imgui_draw.obj
c:\users\user\onedrive\desktop\preperatiion for the test\finalprj\finalprj\x64\debug\imgui_demo.obj
c:\users\user\onedrive\desktop\preperatiion for the test\finalprj\finalprj\x64\debug\imgui.obj
c:\users\user\onedrive\desktop\preperatiion for the test\finalprj\finalprj\x64\debug\imgui_impl_win32.obj
c:\users\user\onedrive\desktop\preperatiion for the test\finalprj\finalprj\x64\debug\imgui_impl_opengl3.obj
c:\users\user\onedrive\desktop\preperatiion for the test\finalprj\finalprj\x64\debug\imgui_impl_glfw.obj
c:\users\user\onedrive\desktop\preperatiion for the test\finalprj\finalprj\x64\debug\imgui_impl_dx9.obj
c:\users\user\onedrive\desktop\preperatiion for the test\finalprj\finalprj\x64\debug\httpclient.obj
c:\users\user\onedrive\desktop\preperatiion for the test\finalprj\finalprj\x64\debug\guimanager.obj
c:\users\user\onedrive\desktop\preperatiion for the test\finalprj\finalprj\x64\debug\bookmanager.obj
c:\users\user\onedrive\desktop\preperatiion for the test\finalprj\finalprj\x64\debug\book.obj
c:\users\user\onedrive\desktop\preperatiion for the test\finalprj\finalprj\x64\debug\finalprj.ilk
c:\users\user\onedrive\desktop\preperatiion for the test\finalprj\x64\debug\finalprj.exe
c:\users\user\onedrive\desktop\preperatiion for the test\finalprj\x64\debug\finalprj.pdb
c:\users\user\onedrive\desktop\preperatiion for the test\finalprj\finalprj\x64\debug\finalprj.tlog\cl.command.1.tlog
c:\users\user\onedrive\desktop\preperatiion for the test\finalprj\finalprj\x64\debug\finalprj.tlog\cl.items.tlog
c:\users\user\onedrive\desktop\preperatiion for the test\finalprj\finalprj\x64\debug\finalprj.tlog\cl.read.1.tlog
c:\users\user\onedrive\desktop\preperatiion for the test\finalprj\finalprj\x64\debug\finalprj.tlog\cl.write.1.tlog
c:\users\user\onedrive\desktop\preperatiion for the test\finalprj\finalprj\x64\debug\finalprj.tlog\link.command.1.tlog
c:\users\user\onedrive\desktop\preperatiion for the test\finalprj\finalprj\x64\debug\finalprj.tlog\link.read.1.tlog
c:\users\user\onedrive\desktop\preperatiion for the test\finalprj\finalprj\x64\debug\finalprj.tlog\link.write.1.tlog
